<?xml version="1.0" encoding="UTF-8"?>
<!-- Generated by org.testng.reporters.JUnitXMLReporter -->
<testsuite ignored="0" hostname="DESKTOP-BDAFN5M" failures="0" tests="3" name="Login" time="23.492" errors="0" timestamp="2022-03-26T22:21:28 IST">
  <testcase classname="runner.TC001_Login" name="loginTest" time="5.451"/>
  <testcase classname="runner.TC001_Login" name="loginTest" time="6.971"/>
  <testcase classname="runner.TC001_Login" name="loginTest" time="5.648"/>
</testsuite> <!-- Login -->
