<?xml version="1.0" encoding="UTF-8"?>
<!-- Generated by org.testng.reporters.JUnitXMLReporter -->
<testsuite ignored="0" hostname="DESKTOP-BDAFN5M" failures="0" tests="3" name="Login with invalid data" time="47.34" errors="0" timestamp="2022-03-26T22:22:16 IST">
  <testcase classname="runner.TC002_Login_with_Invalid_data" name="loginTest" time="14.786"/>
  <testcase classname="runner.TC002_Login_with_Invalid_data" name="loginTest" time="14.961"/>
  <testcase classname="runner.TC002_Login_with_Invalid_data" name="loginTest" time="13.677"/>
</testsuite> <!-- Login with invalid data -->
