<?xml version="1.0" encoding="UTF-8"?>
<!-- Generated by org.testng.reporters.JUnitXMLReporter -->
<testsuite ignored="0" hostname="DESKTOP-BDAFN5M" failures="0" tests="3" name="Search Footer Pg hostels" time="16.653" errors="0" timestamp="2022-03-26T22:23:41 IST">
  <testcase classname="runner.TC005_FooterPGHostelSearch" name="footerPGHostels" time="4.264"/>
  <testcase classname="runner.TC005_FooterPGHostelSearch" name="footerPGHostels" time="4.423"/>
  <testcase classname="runner.TC005_FooterPGHostelSearch" name="footerPGHostels" time="4.668"/>
</testsuite> <!-- Search Footer Pg hostels -->
