<?xml version="1.0" encoding="UTF-8"?>
<!-- Generated by org.testng.reporters.JUnitXMLReporter -->
<testsuite ignored="0" hostname="DESKTOP-BDAFN5M" failures="0" tests="3" name="Search commertial properties" time="18.893" errors="0" timestamp="2022-03-26T22:23:24 IST">
  <testcase classname="runner.TC004_SearchCommertialProperties" name="searchCommertialProperties" time="5.12"/>
  <testcase classname="runner.TC004_SearchCommertialProperties" name="searchCommertialProperties" time="5.584"/>
  <testcase classname="runner.TC004_SearchCommertialProperties" name="searchCommertialProperties" time="4.895"/>
</testsuite> <!-- Search commertial properties -->
