<?xml version="1.0" encoding="UTF-8"?>
<!-- Generated by org.testng.reporters.JUnitXMLReporter -->
<testsuite ignored="0" hostname="DESKTOP-BDAFN5M" failures="0" tests="2" name="Verify Builder Details" time="70.514" errors="0" timestamp="2022-03-26T22:25:29 IST">
  <testcase classname="runner.TC007_BuildersVerifyCity" name="getBuilderProperties" time="34.255"/>
  <testcase classname="runner.TC007_BuildersVerifyCity" name="getBuilderProperties" time="33.977"/>
</testsuite> <!-- Verify Builder Details -->
